#
# There is insufficient memory for the Java Runtime Environment to continue.
# Native memory allocation (mmap) failed to map 201326592 bytes for G1 virtual space
# Possible reasons:
#   The system is out of physical RAM or swap space
#   The process is running with CompressedOops enabled, and the Java Heap may be blocking the growth of the native heap
# Possible solutions:
#   Reduce memory load on the system
#   Increase physical memory or swap space
#   Check if swap backing store is full
#   Decrease Java heap size (-Xmx/-Xms)
#   Decrease number of Java threads
#   Decrease Java thread stack sizes (-Xss)
#   Set larger code cache with -XX:ReservedCodeCacheSize=
#   JVM is running with Zero Based Compressed Oops mode in which the Java heap is
#     placed in the first 32GB address space. The Java Heap base address is the
#     maximum limit for the native heap growth. Please use -XX:HeapBaseMinAddress
#     to set the Java Heap base and to place the Java Heap above 32GB virtual address.
# This output file may be truncated or incomplete.
#
#  Out of Memory Error (os_windows.cpp:3466), pid=16936, tid=16800
#
# JRE version:  (16.0.1+9) (build )
# Java VM: OpenJDK 64-Bit Server VM (16.0.1+9-24, mixed mode, sharing, tiered, compressed oops, compressed class ptrs, g1 gc, windows-amd64)
# No core dump will be written. Minidumps are not enabled by default on client versions of Windows
#

---------------  S U M M A R Y ------------

Command Line: -Dmaven.home=EMBEDDED -Dclassworlds.conf=C:\Users\Vijay\eclipse-workspace\cobalToJava\.metadata\.plugins\org.eclipse.m2e.launching\launches\m2conf9359494899034982022.tmp -Dmaven.multiModuleProjectDirectory=F:\Projects\CobaltJavaConversion\IBM\lgicus01_SBT -Dfile.encoding=Cp1252 -XX:+ShowCodeDetailsInExceptionMessages org.codehaus.plexus.classworlds.launcher.Launcher -B clean compile package

Host: Intel(R) Core(TM) i5-5200U CPU @ 2.20GHz, 4 cores, 11G,  Windows 10 , 64 bit Build 18362 (10.0.18362.1316)
Time: Sun Nov 28 00:15:59 2021 India Standard Time elapsed time: 0.251726 seconds (0d 0h 0m 0s)

---------------  T H R E A D  ---------------

Current thread (0x00000247b60af740):  JavaThread "Unknown thread" [_thread_in_vm, id=16800, stack(0x0000008701500000,0x0000008701600000)]

Stack: [0x0000008701500000,0x0000008701600000]
Native frames: (J=compiled Java code, j=interpreted, Vv=VM code, C=native code)
V  [jvm.dll+0x6687ca]
V  [jvm.dll+0x7ca3c9]
V  [jvm.dll+0x7cbb53]
V  [jvm.dll+0x7cc1b3]
V  [jvm.dll+0x242ea5]
V  [jvm.dll+0x665589]
V  [jvm.dll+0x65a175]
V  [jvm.dll+0x2fc5ab]
V  [jvm.dll+0x3037a6]
V  [jvm.dll+0x352fee]
V  [jvm.dll+0x35321f]
V  [jvm.dll+0x2d3618]
V  [jvm.dll+0x2d4854]
V  [jvm.dll+0x79ccb1]
V  [jvm.dll+0x360de1]
V  [jvm.dll+0x77a990]
V  [jvm.dll+0x3e55af]
V  [jvm.dll+0x3e7081]
C  [jli.dll+0x52fb]
C  [ucrtbase.dll+0x210b2]
C  [KERNEL32.DLL+0x17c24]
C  [ntdll.dll+0x6d4d1]


---------------  P R O C E S S  ---------------

Threads class SMR info:
_java_thread_list=0x00007ffebe67cbb8, length=0, elements={
}

Java Threads: ( => current thread )

Other Threads:
  0x00000247b60f41d0 GCTaskThread "GC Thread#0" [stack: 0x0000008701600000,0x0000008701700000] [id=14364]
  0x00000247b6102170 ConcurrentGCThread "G1 Main Marker" [stack: 0x0000008701700000,0x0000008701800000] [id=14824]
  0x00000247b6103ff0 ConcurrentGCThread "G1 Conc#0" [stack: 0x0000008701800000,0x0000008701900000] [id=2456]

[error occurred during error reporting (printing all threads), id 0xc0000005, EXCEPTION_ACCESS_VIOLATION (0xc0000005) at pc=0x00007ffebde544d7]

VM state: not at safepoint (not fully initialized)

VM Mutex/Monitor currently owned by a thread:  ([mutex/lock_event])
[0x00000247b60ab2f0] Heap_lock - owner thread: 0x00000247b60af740

Heap address: 0x0000000741200000, size: 3054 MB, Compressed Oops mode: Zero based, Oop shift amount: 3

CDS archive(s) mapped at: [0x0000000000000000-0x0000000000000000-0x0000000000000000), size 0, SharedBaseAddress: 0x0000000800000000, ArchiveRelocationMode: 0.
Narrow klass base: 0x0000000000000000, Narrow klass shift: 0, Narrow klass range: 0x0

GC Precious Log:
<Empty>

Heap:
 garbage-first heap   total 0K, used 0K [0x0000000741200000, 0x0000000800000000)
  region size 2048K, 0 young (0K), 0 survivors (0K)

[error occurred during error reporting (printing heap information), id 0xc0000005, EXCEPTION_ACCESS_VIOLATION (0xc0000005) at pc=0x00007ffebe2324ed]

GC Heap History (0 events):
No events

Deoptimization events (0 events):
No events

Classes unloaded (0 events):
No events

Classes redefined (0 events):
No events

Internal exceptions (0 events):
No events

Events (1 events):
Event: 0.016 Loaded shared library F:\Projects\Eclipse-versions\eclipse\plugins\org.eclipse.justj.openjdk.hotspot.jre.full.win32.x86_64_16.0.1.v20210528-1205\jre\bin\java.dll


Dynamic libraries:
0x00007ff7e1710000 - 0x00007ff7e171e000 	F:\Projects\Eclipse-versions\eclipse\plugins\org.eclipse.justj.openjdk.hotspot.jre.full.win32.x86_64_16.0.1.v20210528-1205\jre\bin\javaw.exe
0x00007fff10320000 - 0x00007fff10510000 	C:\WINDOWS\SYSTEM32\ntdll.dll
0x00007fff0f5b0000 - 0x00007fff0f662000 	C:\WINDOWS\System32\KERNEL32.DLL
0x00007fff0de20000 - 0x00007fff0e0c5000 	C:\WINDOWS\System32\KERNELBASE.dll
0x00007ffedef90000 - 0x00007ffedf08f000 	C:\Program Files\Bitdefender\Bitdefender Security\atcuf\265447845905775108\atcuf64.dll
0x00007fff0d2a0000 - 0x00007fff0d39a000 	C:\WINDOWS\System32\ucrtbase.dll
0x00007fff02eb0000 - 0x00007fff02ec8000 	F:\Projects\Eclipse-versions\eclipse\plugins\org.eclipse.justj.openjdk.hotspot.jre.full.win32.x86_64_16.0.1.v20210528-1205\jre\bin\jli.dll
0x00007fff0ffe0000 - 0x00007fff10174000 	C:\WINDOWS\System32\USER32.dll
0x00007fff0dd50000 - 0x00007fff0dd71000 	C:\WINDOWS\System32\win32u.dll
0x00007fff0e6e0000 - 0x00007fff0e706000 	C:\WINDOWS\System32\GDI32.dll
0x00007fff0e0d0000 - 0x00007fff0e268000 	C:\WINDOWS\System32\gdi32full.dll
0x00007fff0dd80000 - 0x00007fff0de1e000 	C:\WINDOWS\System32\msvcp_win.dll
0x00007fff08ff0000 - 0x00007fff09009000 	F:\Projects\Eclipse-versions\eclipse\plugins\org.eclipse.justj.openjdk.hotspot.jre.full.win32.x86_64_16.0.1.v20210528-1205\jre\bin\VCRUNTIME140.dll
0x00007ffeffd20000 - 0x00007ffefffa4000 	C:\WINDOWS\WinSxS\amd64_microsoft.windows.common-controls_6595b64144ccf1df_6.0.18362.1316_none_9e7a364fe461dbd7\COMCTL32.dll
0x00007fff0f100000 - 0x00007fff0f19e000 	C:\WINDOWS\System32\msvcrt.dll
0x00007fff0f1c0000 - 0x00007fff0f4f7000 	C:\WINDOWS\System32\combase.dll
0x00007fff0e710000 - 0x00007fff0e82f000 	C:\WINDOWS\System32\RPCRT4.dll
0x00007fff0e340000 - 0x00007fff0e3c1000 	C:\WINDOWS\System32\bcryptPrimitives.dll
0x00007fff0ffb0000 - 0x00007fff0ffde000 	C:\WINDOWS\System32\IMM32.DLL
0x00007fff0a460000 - 0x00007fff0a46c000 	F:\Projects\Eclipse-versions\eclipse\plugins\org.eclipse.justj.openjdk.hotspot.jre.full.win32.x86_64_16.0.1.v20210528-1205\jre\bin\vcruntime140_1.dll
0x00007ffee97b0000 - 0x00007ffee9841000 	F:\Projects\Eclipse-versions\eclipse\plugins\org.eclipse.justj.openjdk.hotspot.jre.full.win32.x86_64_16.0.1.v20210528-1205\jre\bin\msvcp140.dll
0x00007ffebdb70000 - 0x00007ffebe71b000 	F:\Projects\Eclipse-versions\eclipse\plugins\org.eclipse.justj.openjdk.hotspot.jre.full.win32.x86_64_16.0.1.v20210528-1205\jre\bin\server\jvm.dll
0x00007fff0f500000 - 0x00007fff0f5a3000 	C:\WINDOWS\System32\ADVAPI32.dll
0x00007fff0eac0000 - 0x00007fff0eb57000 	C:\WINDOWS\System32\sechost.dll
0x00007fff10180000 - 0x00007fff10188000 	C:\WINDOWS\System32\PSAPI.DLL
0x00007ffef5c70000 - 0x00007ffef5c79000 	C:\WINDOWS\SYSTEM32\WSOCK32.dll
0x00007fff10190000 - 0x00007fff101ff000 	C:\WINDOWS\System32\WS2_32.dll
0x00007fff0a3d0000 - 0x00007fff0a3f4000 	C:\WINDOWS\SYSTEM32\WINMM.dll
0x00007fff06750000 - 0x00007fff0675a000 	C:\WINDOWS\SYSTEM32\VERSION.dll
0x00007fff0a3a0000 - 0x00007fff0a3cd000 	C:\WINDOWS\SYSTEM32\WINMMBASE.dll
0x00007fff0dd00000 - 0x00007fff0dd4a000 	C:\WINDOWS\System32\cfgmgr32.dll
0x00007fff0d1e0000 - 0x00007fff0d1f1000 	C:\WINDOWS\System32\kernel.appcore.dll
0x00007fff072d0000 - 0x00007fff072da000 	F:\Projects\Eclipse-versions\eclipse\plugins\org.eclipse.justj.openjdk.hotspot.jre.full.win32.x86_64_16.0.1.v20210528-1205\jre\bin\jimage.dll
0x00007fff0baf0000 - 0x00007fff0bce4000 	C:\WINDOWS\SYSTEM32\DBGHELP.DLL
0x00007ffef5c10000 - 0x00007ffef5c3a000 	C:\WINDOWS\SYSTEM32\dbgcore.DLL
0x00007fff02e80000 - 0x00007fff02ea5000 	F:\Projects\Eclipse-versions\eclipse\plugins\org.eclipse.justj.openjdk.hotspot.jre.full.win32.x86_64_16.0.1.v20210528-1205\jre\bin\java.dll

dbghelp: loaded successfully - version: 4.0.5 - missing functions: none
symbol engine: initialized successfully - sym options: 0x614 - pdb path: .;F:\Projects\Eclipse-versions\eclipse\plugins\org.eclipse.justj.openjdk.hotspot.jre.full.win32.x86_64_16.0.1.v20210528-1205\jre\bin;C:\WINDOWS\SYSTEM32;C:\Program Files\Bitdefender\Bitdefender Security\atcuf\265447845905775108;C:\WINDOWS\WinSxS\amd64_microsoft.windows.common-controls_6595b64144ccf1df_6.0.18362.1316_none_9e7a364fe461dbd7;F:\Projects\Eclipse-versions\eclipse\plugins\org.eclipse.justj.openjdk.hotspot.jre.full.win32.x86_64_16.0.1.v20210528-1205\jre\bin\server

VM Arguments:
jvm_args: -Dmaven.home=EMBEDDED -Dclassworlds.conf=C:\Users\Vijay\eclipse-workspace\cobalToJava\.metadata\.plugins\org.eclipse.m2e.launching\launches\m2conf9359494899034982022.tmp -Dmaven.multiModuleProjectDirectory=F:\Projects\CobaltJavaConversion\IBM\lgicus01_SBT -Dfile.encoding=Cp1252 -XX:+ShowCodeDetailsInExceptionMessages 
java_command: org.codehaus.plexus.classworlds.launcher.Launcher -B clean compile package
java_class_path (initial): F:\Projects\Eclipse-versions\eclipse\plugins\org.eclipse.m2e.maven.runtime_1.18.0.20210603-1206\jars\plexus-classworlds-2.6.0.jar
Launcher Type: SUN_STANDARD

[Global flags]
     intx CICompilerCount                          = 3                                         {product} {ergonomic}
     uint ConcGCThreads                            = 1                                         {product} {ergonomic}
     uint G1ConcRefinementThreads                  = 4                                         {product} {ergonomic}
   size_t G1HeapRegionSize                         = 2097152                                   {product} {ergonomic}
    uintx GCDrainStackTargetSize                   = 64                                        {product} {ergonomic}
   size_t InitialHeapSize                          = 201326592                                 {product} {ergonomic}
   size_t MarkStackSize                            = 4194304                                   {product} {ergonomic}
   size_t MaxHeapSize                              = 3202351104                                {product} {ergonomic}
   size_t MinHeapDeltaBytes                        = 2097152                                   {product} {ergonomic}
   size_t MinHeapSize                              = 8388608                                   {product} {ergonomic}
    uintx NonNMethodCodeHeapSize                   = 5832780                                {pd product} {ergonomic}
    uintx NonProfiledCodeHeapSize                  = 122912730                              {pd product} {ergonomic}
    uintx ProfiledCodeHeapSize                     = 122912730                              {pd product} {ergonomic}
    uintx ReservedCodeCacheSize                    = 251658240                              {pd product} {ergonomic}
     bool SegmentedCodeCache                       = true                                      {product} {ergonomic}
     bool ShowCodeDetailsInExceptionMessages       = true                                   {manageable} {command line}
   size_t SoftMaxHeapSize                          = 3202351104                             {manageable} {ergonomic}
     bool UseCompressedClassPointers               = true                           {product lp64_product} {ergonomic}
     bool UseCompressedOops                        = true                           {product lp64_product} {ergonomic}
     bool UseG1GC                                  = true                                      {product} {ergonomic}
     bool UseLargePagesIndividualAllocation        = false                                  {pd product} {ergonomic}

Logging:
Log output configuration:
 #0: stdout all=warning uptime,level,tags
 #1: stderr all=off uptime,level,tags

Environment Variables:
JAVA_HOME=C:\Program Files\Java\jdk-11.0.12
PATH=F:/Projects/Eclipse-versions/eclipse//plugins/org.eclipse.justj.openjdk.hotspot.jre.full.win32.x86_64_16.0.1.v20210528-1205/jre/bin/server;F:/Projects/Eclipse-versions/eclipse//plugins/org.eclipse.justj.openjdk.hotspot.jre.full.win32.x86_64_16.0.1.v20210528-1205/jre/bin;C:\Program Files\Common Files\Oracle\Java\javapath;C:\Program Files (x86)\Common Files\Oracle\Java\javapath;C:\Program Files (x86)\Python\Python37-32\Scripts\;C:\Program Files (x86)\Python\Python37-32\;C:\WINDOWS\system32;C:\WINDOWS;C:\WINDOWS\System32\Wbem;C:\WINDOWS\System32\WindowsPowerShell\v1.0\;C:\WINDOWS\System32\OpenSSH\;C:\Hadoop-2.8.0\hadoop-2.8.0\bin;C:\ProgramData\DockerDesktop\version-bin;F:\apache-maven-3.8.1-bin\apache-maven-3.8.1\bin;C:\Program Files\Java\jdk-11.0.12\bin;C:\Program Files\Git\cmd;C:\Users\Vijay\AppData\Local\Microsoft\WindowsApps;C:\Program Files\JetBrains\IntelliJ IDEA Community Edition 2019.1.3\bin;;C:\Users\Vijay\AppData\Local\Programs\Microsoft VS Code\bin;F:\Projects\Softwares\kafka_2.12-2.8.0\kafka_2.12-2.8.0\bin\windows;;F:\Projects\Eclipse-versions\eclipse;
USERNAME=Vijay
OS=Windows_NT
PROCESSOR_IDENTIFIER=Intel64 Family 6 Model 61 Stepping 4, GenuineIntel



---------------  S Y S T E M  ---------------

OS:
 Windows 10 , 64 bit Build 18362 (10.0.18362.1316)
OS uptime: 0 days 23:54 hours
Hyper-V role detected

CPU: total 4 (initial active 4) (2 cores per cpu, 2 threads per core) family 6 model 61 stepping 4 microcode 0x2b, cx8, cmov, fxsr, ht, mmx, 3dnowpref, sse, sse2, sse3, ssse3, sse4.1, sse4.2, popcnt, lzcnt, tsc, tscinvbit, avx, avx2, aes, erms, clmul, bmi1, bmi2, adx, fma, vzeroupper, clflush, hv

Memory: 4k page, system-wide physical 12210M (2008M free)
TotalPageFile size 12210M (AvailPageFile size 59M)
current process WorkingSet (physical memory assigned to process): 10M, peak: 10M
current process commit charge ("private bytes"): 53M, peak: 245M

vm_info: OpenJDK 64-Bit Server VM (16.0.1+9-24) for windows-amd64 JRE (16.0.1+9-24), built on Mar 26 2021 19:30:07 by "mach5one" with MS VC++ 16.7 (VS2019)

END.
